<?xml version="1.0" encoding="UTF-8" ?>
<testsuite tests="35" failures="0" name="com.example.cucumber.feature.TestExecution" time="0.01" errors="0" skipped="0">
  <properties>
    <property name="java.runtime.name" value="Java(TM) SE Runtime Environment"/>
    <property name="sun.boot.library.path" value="C:\Program Files\Java\jdk1.8.0_121\jre\bin"/>
    <property name="java.vm.version" value="25.121-b13"/>
    <property name="java.vm.vendor" value="Oracle Corporation"/>
    <property name="maven.multiModuleProjectDirectory" value="D:\Officials\Workspace\sel_cucumber"/>
    <property name="java.vendor.url" value="http://java.oracle.com/"/>
    <property name="path.separator" value=";"/>
    <property name="guice.disable.misplaced.annotation.check" value="true"/>
    <property name="java.vm.name" value="Java HotSpot(TM) 64-Bit Server VM"/>
    <property name="file.encoding.pkg" value="sun.io"/>
    <property name="user.script" value=""/>
    <property name="user.country" value="US"/>
    <property name="sun.java.launcher" value="SUN_STANDARD"/>
    <property name="sun.os.patch.level" value=""/>
    <property name="java.vm.specification.name" value="Java Virtual Machine Specification"/>
    <property name="user.dir" value="D:\Officials\Workspace\sel_cucumber"/>
    <property name="java.runtime.version" value="1.8.0_121-b13"/>
    <property name="java.awt.graphicsenv" value="sun.awt.Win32GraphicsEnvironment"/>
    <property name="java.endorsed.dirs" value="C:\Program Files\Java\jdk1.8.0_121\jre\lib\endorsed"/>
    <property name="os.arch" value="amd64"/>
    <property name="java.io.tmpdir" value="C:\Users\KIRANG~1\AppData\Local\Temp\"/>
    <property name="line.separator" value="
"/>
    <property name="java.vm.specification.vendor" value="Oracle Corporation"/>
    <property name="user.variant" value=""/>
    <property name="os.name" value="Windows 8.1"/>
    <property name="classworlds.conf" value="D:\Workspace\.metadata\.plugins\org.eclipse.m2e.launching\launches\m2conf9035082401929678701.tmp"/>
    <property name="sun.jnu.encoding" value="Cp1252"/>
    <property name="java.library.path" value="C:\Program Files\Java\jdk1.8.0_121\bin;C:\Windows\Sun\Java\bin;C:\Windows\system32;C:\Windows;C:/Program Files/Java/jre1.8.0_121/bin/server;C:/Program Files/Java/jre1.8.0_121/bin;C:/Program Files/Java/jre1.8.0_121/lib/amd64;C:\ProgramData\Oracle\Java\javapath;C:\oraclexe\app\oracle\product\10.2.0\server\bin;C:\Program Files (x86)\Intel\iCLS Client\;C:\Program Files\Intel\iCLS Client\;C:\Windows\system32;C:\Windows;C:\Windows\System32\Wbem;C:\Windows\System32\WindowsPowerShell\v1.0\;C:\Program Files\Intel\WiFi\bin\;C:\Program Files\Common Files\Intel\WirelessCommon\;C:\Program Files\Intel\Intel(R) Management Engine Components\DAL;C:\Program Files (x86)\Intel\Intel(R) Management Engine Components\DAL;C:\Program Files\Intel\Intel(R) Management Engine Components\IPT;C:\Program Files (x86)\Intel\Intel(R) Management Engine Components\IPT;C:\Program Files (x86)\NVIDIA Corporation\PhysX\Common;C:\Program Files (x86)\Common Files\lenovo\easyplussdk\bin;C:\apache-maven-3.5.0\bin;C:\Program Files\Git\cmd;C:\Program Files\Java\jdk1.8.0_121\bin;D:\Selenium\eclipse-Neon;;."/>
    <property name="java.specification.name" value="Java Platform API Specification"/>
    <property name="java.class.version" value="52.0"/>
    <property name="sun.management.compiler" value="HotSpot 64-Bit Tiered Compilers"/>
    <property name="os.version" value="6.3"/>
    <property name="user.home" value="C:\Users\Kiran giri"/>
    <property name="user.timezone" value="Asia/Calcutta"/>
    <property name="java.awt.printerjob" value="sun.awt.windows.WPrinterJob"/>
    <property name="java.specification.version" value="1.8"/>
    <property name="file.encoding" value="Cp1252"/>
    <property name="user.name" value="Kiran giri"/>
    <property name="java.class.path" value="/D:/Selenium/eclipse-Neon/plugins/org.eclipse.m2e.maven.runtime_1.7.0.20160603-1931/jars/plexus-classworlds-2.5.2.jar"/>
    <property name="java.vm.specification.version" value="1.8"/>
    <property name="sun.arch.data.model" value="64"/>
    <property name="java.home" value="C:\Program Files\Java\jdk1.8.0_121\jre"/>
    <property name="sun.java.command" value="org.codehaus.plexus.classworlds.launcher.Launcher -B test"/>
    <property name="java.specification.vendor" value="Oracle Corporation"/>
    <property name="user.language" value="en"/>
    <property name="awt.toolkit" value="sun.awt.windows.WToolkit"/>
    <property name="java.vm.info" value="mixed mode"/>
    <property name="java.version" value="1.8.0_121"/>
    <property name="java.ext.dirs" value="C:\Program Files\Java\jdk1.8.0_121\jre\lib\ext;C:\Windows\Sun\Java\lib\ext"/>
    <property name="sun.boot.class.path" value="C:\Program Files\Java\jdk1.8.0_121\jre\lib\resources.jar;C:\Program Files\Java\jdk1.8.0_121\jre\lib\rt.jar;C:\Program Files\Java\jdk1.8.0_121\jre\lib\sunrsasign.jar;C:\Program Files\Java\jdk1.8.0_121\jre\lib\jsse.jar;C:\Program Files\Java\jdk1.8.0_121\jre\lib\jce.jar;C:\Program Files\Java\jdk1.8.0_121\jre\lib\charsets.jar;C:\Program Files\Java\jdk1.8.0_121\jre\lib\jfr.jar;C:\Program Files\Java\jdk1.8.0_121\jre\classes"/>
    <property name="java.vendor" value="Oracle Corporation"/>
    <property name="maven.home" value="D:\Officials\Workspace\sel_cucumber\EMBEDDED"/>
    <property name="file.separator" value="\"/>
    <property name="java.vendor.url.bug" value="http://bugreport.sun.com/bugreport/"/>
    <property name="sun.cpu.endian" value="little"/>
    <property name="sun.io.unicode.encoding" value="UnicodeLittle"/>
    <property name="sun.desktop" value="windows"/>
    <property name="sun.cpu.isalist" value="amd64"/>
  </properties>
  <testcase classname="Scenario: Login with valid username and password" name="Given I go to &quot;url&quot; with &quot;browser&quot;" time="0.007"/>
  <testcase classname="Scenario: Login with valid username and password" name="When I enter the &quot;Tester&quot; in the &quot;username_id&quot;" time="0"/>
  <testcase classname="Scenario: Login with valid username and password" name="And I enter &quot;test&quot; in the &quot;password_id&quot;" time="0"/>
  <testcase classname="Scenario: Login with valid username and password" name="Then I click on &quot;loginbtn_xpath&quot; button" time="0"/>
  <testcase classname="Scenario: Login with valid username and password" name="Then I verify &quot;List of All Orders&quot; is displayed in &quot;verifylist_xpath&quot;" time="0"/>
  <testcase classname="Scenario: Login with valid username and password" name="And I close browser" time="0"/>
  <testcase classname="Scenario: Login with valid username and password" name="Scenario: Login with valid username and password" time="0.001"/>
  <testcase classname="Scenario: Login with invalid username and password" name="Given I go to &quot;url&quot; with &quot;browser&quot;" time="0"/>
  <testcase classname="Scenario: Login with invalid username and password" name="When I enter the &quot;Teste&quot; in the &quot;username_id&quot;" time="0"/>
  <testcase classname="Scenario: Login with invalid username and password" name="And I enter &quot;test&quot; in the &quot;password_id&quot;" time="0"/>
  <testcase classname="Scenario: Login with invalid username and password" name="Then I click on &quot;loginbtn_xpath&quot; button" time="0"/>
  <testcase classname="Scenario: Login with invalid username and password" name="Then I verify &quot;Invalid Login or Password.&quot; is displayed in &quot;verifytext_xpath&quot;" time="0"/>
  <testcase classname="Scenario: Login with invalid username and password" name="And I close browser" time="0"/>
  <testcase classname="Scenario: Login with invalid username and password" name="Scenario: Login with invalid username and password" time="0"/>
  <testcase classname="Scenario: Login with valid username and invalid password" name="Given I go to &quot;url&quot; with &quot;browser&quot;" time="0"/>
  <testcase classname="Scenario: Login with valid username and invalid password" name="When I enter the &quot;Tester&quot; in the &quot;username_id&quot;" time="0.001"/>
  <testcase classname="Scenario: Login with valid username and invalid password" name="And I enter &quot;testee&quot; in the &quot;password_id&quot;" time="0"/>
  <testcase classname="Scenario: Login with valid username and invalid password" name="Then I click on &quot;loginbtn_xpath&quot; button" time="0"/>
  <testcase classname="Scenario: Login with valid username and invalid password" name="Then I verify &quot;Invalid Login or Password.&quot; is displayed in &quot;verifytext_xpath&quot;" time="0"/>
  <testcase classname="Scenario: Login with valid username and invalid password" name="And I close browser" time="0"/>
  <testcase classname="Scenario: Login with valid username and invalid password" name="Scenario: Login with valid username and invalid password" time="0.001"/>
  <testcase classname="Scenario: Login with invalid username and invalid password" name="Given I go to &quot;url&quot; with &quot;browser&quot;" time="0"/>
  <testcase classname="Scenario: Login with invalid username and invalid password" name="When I enter the &quot;Teste&quot; in the &quot;username_id&quot;" time="0"/>
  <testcase classname="Scenario: Login with invalid username and invalid password" name="And I enter &quot;testee&quot; in the &quot;password_id&quot;" time="0"/>
  <testcase classname="Scenario: Login with invalid username and invalid password" name="Then I click on &quot;loginbtn_xpath&quot; button" time="0"/>
  <testcase classname="Scenario: Login with invalid username and invalid password" name="Then I verify &quot;Invalid Login or Password.&quot; is displayed in &quot;verifytext_xpath&quot;" time="0"/>
  <testcase classname="Scenario: Login with invalid username and invalid password" name="And I close browser" time="0"/>
  <testcase classname="Scenario: Login with invalid username and invalid password" name="Scenario: Login with invalid username and invalid password" time="0"/>
  <testcase classname="Scenario: Login with blank username and blank password" name="Given I go to &quot;url&quot; with &quot;browser&quot;" time="0"/>
  <testcase classname="Scenario: Login with blank username and blank password" name="When I enter the &quot;&quot; in the &quot;username_id&quot;" time="0"/>
  <testcase classname="Scenario: Login with blank username and blank password" name="And I enter &quot;&quot; in the &quot;password_id&quot;" time="0"/>
  <testcase classname="Scenario: Login with blank username and blank password" name="Then I click on &quot;loginbtn_xpath&quot; button" time="0"/>
  <testcase classname="Scenario: Login with blank username and blank password" name="Then I verify &quot;Invalid Login or Password.&quot; is displayed in &quot;verifytext_xpath&quot;" time="0"/>
  <testcase classname="Scenario: Login with blank username and blank password" name="And I close browser" time="0"/>
  <testcase classname="Scenario: Login with blank username and blank password" name="Scenario: Login with blank username and blank password" time="0"/>
</testsuite>